<?xml version="1.0" encoding="UTF-8" ?>

<testsuite failures="1" time="0.006" errors="0" skipped="0" tests="0" name="ApplicationTest">
  <testcase classname="ApplicationTest" name="testThatIndexPageWorks" time="0.006">
                  <failure type="" message="Failure, Response status  expected:&lt;200&gt; but was:&lt;302&gt;">
        <![CDATA[
          In /test/ApplicationTest.java, line 11
          
              		assertIsOk(response); :
          
        ]]>
        </failure>
        }
                  </testcase>
</testsuite>
