<?xml version="1.0" encoding="UTF-8" ?>

<testsuite failures="0" time="0.008" errors="0" skipped="0" tests="4" name="UserTest">
  <testcase classname="UserTest" name="testIfUserHasEmail" time="0.001">
      </testcase>
  <testcase classname="UserTest" name="testCreateCalendar" time="0.001">
      </testcase>
  <testcase classname="UserTest" name="testGetCalendar" time="0.001">
      </testcase>
  <testcase classname="UserTest" name="testIterator" time="0.005">
      </testcase>
</testsuite>
